# JRE version: OpenJDK Runtime Environment (21.0.6) (build 21.0.6+-13368085-b895.109)
# Java VM: OpenJDK 64-Bit Server VM (21.0.6+-13368085-b895.109, mixed mode, tiered, compressed oops, compressed class ptrs, g1 gc, windows-amd64)
GC Precious Log:
 CardTable entry size: 512
 Card Set container configuration: InlinePtr #cards 5 size 8 Array Of Cards #cards 12 size 40 Howl #buckets 4 coarsen threshold 1843 Howl Bitmap #cards 512 size 80 coarsen threshold 460 Card regions per heap region 1 cards per card region 2048
 CPUs: 16 total, 16 available
 Memory: 15791M
 Large Page Support: Disabled
 NUMA Support: Disabled
 Compressed Oops: Enabled (32-bit)
 Heap Region Size: 1M
 Heap Min Capacity: 8M
 Heap Initial Capacity: 248M
 Heap Max Capacity: 2G
 Pre-touch: Disabled
 Parallel Workers: 13
 Concurrent Workers: 3
 Concurrent Refinement Workers: 13
 Periodic GC: Disabled
Heap:
 garbage-first heap   total 137216K, used 95275K [0x0000000080000000, 0x0000000100000000)
  region size 1024K, 20 young (20480K), 5 survivors (5120K)
 Metaspace       used 67604K, committed 69376K, reserved 1114112K
  class space    used 9136K, committed 10048K, reserved 1048576K
GC Heap History (20 events):
Event: 19.017 GC heap before
{Heap before GC invocations=7 (full 0):
 garbage-first heap   total 82944K, used 49735K [0x0000000080000000, 0x0000000100000000)
  region size 1024K, 19 young (19456K), 6 survivors (6144K)
 Metaspace       used 35153K, committed 35968K, reserved 1114112K
  class space    used 4690K, committed 5056K, reserved 1048576K
}
Event: 19.022 GC heap after
{Heap after GC invocations=8 (full 0):
 garbage-first heap   total 82944K, used 41595K [0x0000000080000000, 0x0000000100000000)
  region size 1024K, 6 young (6144K), 6 survivors (6144K)
 Metaspace       used 35153K, committed 35968K, reserved 1114112K
  class space    used 4690K, committed 5056K, reserved 1048576K
}
Event: 20.556 GC heap before
{Heap before GC invocations=9 (full 0):
 garbage-first heap   total 82944K, used 71291K [0x0000000080000000, 0x0000000100000000)
  region size 1024K, 35 young (35840K), 6 survivors (6144K)
 Metaspace       used 38629K, committed 39616K, reserved 1114112K
  class space    used 5235K, committed 5760K, reserved 1048576K
}
Event: 20.560 GC heap after
{Heap after GC invocations=10 (full 0):
 garbage-first heap   total 82944K, used 44944K [0x0000000080000000, 0x0000000100000000)
  region size 1024K, 3 young (3072K), 3 survivors (3072K)
 Metaspace       used 38629K, committed 39616K, reserved 1114112K
  class space    used 5235K, committed 5760K, reserved 1048576K
}
Event: 21.639 GC heap before
{Heap before GC invocations=10 (full 0):
 garbage-first heap   total 82944K, used 71568K [0x0000000080000000, 0x0000000100000000)
  region size 1024K, 30 young (30720K), 3 survivors (3072K)
 Metaspace       used 42185K, committed 43456K, reserved 1114112K
  class space    used 5812K, committed 6464K, reserved 1048576K
}
Event: 21.642 GC heap after
{Heap after GC invocations=11 (full 0):
 garbage-first heap   total 82944K, used 46246K [0x0000000080000000, 0x0000000100000000)
  region size 1024K, 2 young (2048K), 2 survivors (2048K)
 Metaspace       used 42185K, committed 43456K, reserved 1114112K
  class space    used 5812K, committed 6464K, reserved 1048576K
}
Event: 22.876 GC heap before
{Heap before GC invocations=11 (full 0):
 garbage-first heap   total 82944K, used 73894K [0x0000000080000000, 0x0000000100000000)
  region size 1024K, 29 young (29696K), 2 survivors (2048K)
 Metaspace       used 48079K, committed 49344K, reserved 1114112K
  class space    used 6530K, committed 7168K, reserved 1048576K
}
Event: 22.880 GC heap after
{Heap after GC invocations=12 (full 0):
 garbage-first heap   total 82944K, used 49299K [0x0000000080000000, 0x0000000100000000)
  region size 1024K, 4 young (4096K), 4 survivors (4096K)
 Metaspace       used 48079K, committed 49344K, reserved 1114112K
  class space    used 6530K, committed 7168K, reserved 1048576K
}
Event: 23.140 GC heap before
{Heap before GC invocations=13 (full 0):
 garbage-first heap   total 83968K, used 71827K [0x0000000080000000, 0x0000000100000000)
  region size 1024K, 27 young (27648K), 4 survivors (4096K)
 Metaspace       used 49412K, committed 50752K, reserved 1114112K
  class space    used 6664K, committed 7360K, reserved 1048576K
}
Event: 23.144 GC heap after
{Heap after GC invocations=14 (full 0):
 garbage-first heap   total 83968K, used 52503K [0x0000000080000000, 0x0000000100000000)
  region size 1024K, 3 young (3072K), 3 survivors (3072K)
 Metaspace       used 49412K, committed 50752K, reserved 1114112K
  class space    used 6664K, committed 7360K, reserved 1048576K
}
Event: 23.572 GC heap before
{Heap before GC invocations=14 (full 0):
 garbage-first heap   total 83968K, used 79127K [0x0000000080000000, 0x0000000100000000)
  region size 1024K, 25 young (25600K), 3 survivors (3072K)
 Metaspace       used 51989K, committed 53376K, reserved 1114112K
  class space    used 6921K, committed 7616K, reserved 1048576K
}
Event: 23.575 GC heap after
{Heap after GC invocations=15 (full 0):
 garbage-first heap   total 116736K, used 53075K [0x0000000080000000, 0x0000000100000000)
  region size 1024K, 3 young (3072K), 3 survivors (3072K)
 Metaspace       used 51989K, committed 53376K, reserved 1114112K
  class space    used 6921K, committed 7616K, reserved 1048576K
}
Event: 24.764 GC heap before
{Heap before GC invocations=15 (full 0):
 garbage-first heap   total 116736K, used 91987K [0x0000000080000000, 0x0000000100000000)
  region size 1024K, 42 young (43008K), 3 survivors (3072K)
 Metaspace       used 56334K, committed 57856K, reserved 1114112K
  class space    used 7651K, committed 8384K, reserved 1048576K
}
Event: 24.769 GC heap after
{Heap after GC invocations=16 (full 0):
 garbage-first heap   total 116736K, used 56545K [0x0000000080000000, 0x0000000100000000)
  region size 1024K, 6 young (6144K), 6 survivors (6144K)
 Metaspace       used 56334K, committed 57856K, reserved 1114112K
  class space    used 7651K, committed 8384K, reserved 1048576K
}
Event: 25.722 GC heap before
{Heap before GC invocations=17 (full 0):
 garbage-first heap   total 116736K, used 114913K [0x0000000080000000, 0x0000000100000000)
  region size 1024K, 47 young (48128K), 6 survivors (6144K)
 Metaspace       used 59134K, committed 60736K, reserved 1114112K
  class space    used 7886K, committed 8640K, reserved 1048576K
}
Event: 25.730 GC heap after
{Heap after GC invocations=18 (full 0):
 garbage-first heap   total 128000K, used 77406K [0x0000000080000000, 0x0000000100000000)
  region size 1024K, 7 young (7168K), 7 survivors (7168K)
 Metaspace       used 59134K, committed 60736K, reserved 1114112K
  class space    used 7886K, committed 8640K, reserved 1048576K
}
Event: 26.410 GC heap before
{Heap before GC invocations=18 (full 0):
 garbage-first heap   total 128000K, used 113246K [0x0000000080000000, 0x0000000100000000)
  region size 1024K, 42 young (43008K), 7 survivors (7168K)
 Metaspace       used 61220K, committed 62848K, reserved 1114112K
  class space    used 8199K, committed 9024K, reserved 1048576K
}
Event: 26.415 GC heap after
{Heap after GC invocations=19 (full 0):
 garbage-first heap   total 128000K, used 78855K [0x0000000080000000, 0x0000000100000000)
  region size 1024K, 3 young (3072K), 3 survivors (3072K)
 Metaspace       used 61220K, committed 62848K, reserved 1114112K
  class space    used 8199K, committed 9024K, reserved 1048576K
}
Event: 27.926 GC heap before
{Heap before GC invocations=19 (full 0):
 garbage-first heap   total 128000K, used 114695K [0x0000000080000000, 0x0000000100000000)
  region size 1024K, 38 young (38912K), 3 survivors (3072K)
 Metaspace       used 66343K, committed 68032K, reserved 1114112K
  class space    used 8937K, committed 9728K, reserved 1048576K
}
Event: 27.930 GC heap after
{Heap after GC invocations=20 (full 0):
 garbage-first heap   total 128000K, used 80939K [0x0000000080000000, 0x0000000100000000)
  region size 1024K, 5 young (5120K), 5 survivors (5120K)
 Metaspace       used 66343K, committed 68032K, reserved 1114112K
  class space    used 8937K, committed 9728K, reserved 1048576K
}

