# JRE version: Java(TM) SE Runtime Environment (22.0.1+8) (build 22.0.1+8-16)
# Java VM: Java HotSpot(TM) 64-Bit Server VM (22.0.1+8-16, mixed mode, sharing, tiered, compressed oops, compressed class ptrs, g1 gc, windows-amd64)
GC Precious Log:
 CardTable entry size: 512
 Card Set container configuration: InlinePtr #cards 5 size 8 Array Of Cards #cards 12 size 40 Howl #buckets 4 coarsen threshold 1843 Howl Bitmap #cards 512 size 80 coarsen threshold 460 Card regions per heap region 1 cards per card region 2048
 CPUs: 16 total, 16 available
 Memory: 15791M
 Large Page Support: Disabled
 NUMA Support: Disabled
 Compressed Oops: Enabled (32-bit)
 Heap Region Size: 1M
 Heap Min Capacity: 8M
 Heap Initial Capacity: 248M
 Heap Max Capacity: 2G
 Pre-touch: Disabled
 Parallel Workers: 13
 Concurrent Workers: 3
 Concurrent Refinement Workers: 13
 Periodic GC: Disabled
Heap:
 garbage-first heap   total reserved 2097152K, committed 176128K, used 126010K [0x0000000080000000, 0x0000000100000000)
  region size 1024K, 14 young (14336K), 4 survivors (4096K)
 Metaspace       used 95964K, committed 98240K, reserved 1179648K
  class space    used 13908K, committed 14976K, reserved 1048576K
GC Heap History (20 events):
Event: 12.896 GC heap before
{Heap before GC invocations=23 (full 0):
 garbage-first heap   total reserved 2097152K, committed 165888K, used 132484K [0x0000000080000000, 0x0000000100000000)
  region size 1024K, 55 young (56320K), 7 survivors (7168K)
 Metaspace       used 74107K, committed 76096K, reserved 1114112K
  class space    used 10488K, committed 11456K, reserved 1048576K
}
Event: 12.901 GC heap after
{Heap after GC invocations=24 (full 0):
 garbage-first heap   total reserved 2097152K, committed 165888K, used 86079K [0x0000000080000000, 0x0000000100000000)
  region size 1024K, 5 young (5120K), 5 survivors (5120K)
 Metaspace       used 74107K, committed 76096K, reserved 1114112K
  class space    used 10488K, committed 11456K, reserved 1048576K
}
Event: 13.425 GC heap before
{Heap before GC invocations=25 (full 0):
 garbage-first heap   total reserved 2097152K, committed 165888K, used 145471K [0x0000000080000000, 0x0000000100000000)
  region size 1024K, 60 young (61440K), 5 survivors (5120K)
 Metaspace       used 75620K, committed 77696K, reserved 1179648K
  class space    used 10719K, committed 11712K, reserved 1048576K
}
Event: 13.429 GC heap after
{Heap after GC invocations=26 (full 0):
 garbage-first heap   total reserved 2097152K, committed 165888K, used 94282K [0x0000000080000000, 0x0000000100000000)
  region size 1024K, 7 young (7168K), 7 survivors (7168K)
 Metaspace       used 75620K, committed 77696K, reserved 1179648K
  class space    used 10719K, committed 11712K, reserved 1048576K
}
Event: 14.037 GC heap before
{Heap before GC invocations=26 (full 0):
 garbage-first heap   total reserved 2097152K, committed 165888K, used 146506K [0x0000000080000000, 0x0000000100000000)
  region size 1024K, 58 young (59392K), 7 survivors (7168K)
 Metaspace       used 79374K, committed 81536K, reserved 1179648K
  class space    used 11247K, committed 12288K, reserved 1048576K
}
Event: 14.042 GC heap after
{Heap after GC invocations=27 (full 0):
 garbage-first heap   total reserved 2097152K, committed 165888K, used 96653K [0x0000000080000000, 0x0000000100000000)
  region size 1024K, 4 young (4096K), 4 survivors (4096K)
 Metaspace       used 79374K, committed 81536K, reserved 1179648K
  class space    used 11247K, committed 12288K, reserved 1048576K
}
Event: 14.860 GC heap before
{Heap before GC invocations=27 (full 0):
 garbage-first heap   total reserved 2097152K, committed 165888K, used 148877K [0x0000000080000000, 0x0000000100000000)
  region size 1024K, 55 young (56320K), 4 survivors (4096K)
 Metaspace       used 83452K, committed 85568K, reserved 1179648K
  class space    used 11981K, committed 12992K, reserved 1048576K
}
Event: 14.863 GC heap after
{Heap after GC invocations=28 (full 0):
 garbage-first heap   total reserved 2097152K, committed 165888K, used 97106K [0x0000000080000000, 0x0000000100000000)
  region size 1024K, 4 young (4096K), 4 survivors (4096K)
 Metaspace       used 83452K, committed 85568K, reserved 1179648K
  class space    used 11981K, committed 12992K, reserved 1048576K
}
Event: 15.618 GC heap before
{Heap before GC invocations=29 (full 0):
 garbage-first heap   total reserved 2097152K, committed 165888K, used 150354K [0x0000000080000000, 0x0000000100000000)
  region size 1024K, 56 young (57344K), 4 survivors (4096K)
 Metaspace       used 87036K, committed 89280K, reserved 1179648K
  class space    used 12565K, committed 13632K, reserved 1048576K
}
Event: 15.622 GC heap after
{Heap after GC invocations=30 (full 0):
 garbage-first heap   total reserved 2097152K, committed 165888K, used 99680K [0x0000000080000000, 0x0000000100000000)
  region size 1024K, 7 young (7168K), 7 survivors (7168K)
 Metaspace       used 87036K, committed 89280K, reserved 1179648K
  class space    used 12565K, committed 13632K, reserved 1048576K
}
Event: 16.200 GC heap before
{Heap before GC invocations=30 (full 0):
 garbage-first heap   total reserved 2097152K, committed 165888K, used 148832K [0x0000000080000000, 0x0000000100000000)
  region size 1024K, 55 young (56320K), 7 survivors (7168K)
 Metaspace       used 90566K, committed 92800K, reserved 1179648K
  class space    used 13130K, committed 14208K, reserved 1048576K
}
Event: 16.205 GC heap after
{Heap after GC invocations=31 (full 0):
 garbage-first heap   total reserved 2097152K, committed 165888K, used 100674K [0x0000000080000000, 0x0000000100000000)
  region size 1024K, 6 young (6144K), 6 survivors (6144K)
 Metaspace       used 90566K, committed 92800K, reserved 1179648K
  class space    used 13130K, committed 14208K, reserved 1048576K
}
Event: 16.818 GC heap before
{Heap before GC invocations=31 (full 0):
 garbage-first heap   total reserved 2097152K, committed 165888K, used 148802K [0x0000000080000000, 0x0000000100000000)
  region size 1024K, 53 young (54272K), 6 survivors (6144K)
 Metaspace       used 93433K, committed 95680K, reserved 1179648K
  class space    used 13516K, committed 14592K, reserved 1048576K
}
Event: 16.824 GC heap after
{Heap after GC invocations=32 (full 0):
 garbage-first heap   total reserved 2097152K, committed 165888K, used 104360K [0x0000000080000000, 0x0000000100000000)
  region size 1024K, 7 young (7168K), 7 survivors (7168K)
 Metaspace       used 93433K, committed 95680K, reserved 1179648K
  class space    used 13516K, committed 14592K, reserved 1048576K
}
Event: 18.602 GC heap before
{Heap before GC invocations=33 (full 0):
 garbage-first heap   total reserved 2097152K, committed 176128K, used 146344K [0x0000000080000000, 0x0000000100000000)
  region size 1024K, 49 young (50176K), 7 survivors (7168K)
 Metaspace       used 95727K, committed 98048K, reserved 1179648K
  class space    used 13897K, committed 14976K, reserved 1048576K
}
Event: 18.608 GC heap after
{Heap after GC invocations=34 (full 0):
 garbage-first heap   total reserved 2097152K, committed 176128K, used 108742K [0x0000000080000000, 0x0000000100000000)
  region size 1024K, 7 young (7168K), 7 survivors (7168K)
 Metaspace       used 95727K, committed 98048K, reserved 1179648K
  class space    used 13897K, committed 14976K, reserved 1048576K
}
Event: 19.119 GC heap before
{Heap before GC invocations=34 (full 0):
 garbage-first heap   total reserved 2097152K, committed 176128K, used 157894K [0x0000000080000000, 0x0000000100000000)
  region size 1024K, 55 young (56320K), 7 survivors (7168K)
 Metaspace       used 95953K, committed 98240K, reserved 1179648K
  class space    used 13908K, committed 14976K, reserved 1048576K
}
Event: 19.128 GC heap after
{Heap after GC invocations=35 (full 0):
 garbage-first heap   total reserved 2097152K, committed 176128K, used 115169K [0x0000000080000000, 0x0000000100000000)
  region size 1024K, 7 young (7168K), 7 survivors (7168K)
 Metaspace       used 95953K, committed 98240K, reserved 1179648K
  class space    used 13908K, committed 14976K, reserved 1048576K
}
Event: 19.326 GC heap before
{Heap before GC invocations=35 (full 0):
 garbage-first heap   total reserved 2097152K, committed 176128K, used 157153K [0x0000000080000000, 0x0000000100000000)
  region size 1024K, 49 young (50176K), 7 survivors (7168K)
 Metaspace       used 95961K, committed 98240K, reserved 1179648K
  class space    used 13908K, committed 14976K, reserved 1048576K
}
Event: 19.330 GC heap after
{Heap after GC invocations=36 (full 0):
 garbage-first heap   total reserved 2097152K, committed 176128K, used 116794K [0x0000000080000000, 0x0000000100000000)
  region size 1024K, 4 young (4096K), 4 survivors (4096K)
 Metaspace       used 95961K, committed 98240K, reserved 1179648K
  class space    used 13908K, committed 14976K, reserved 1048576K
}

