# JRE version: Java(TM) SE Runtime Environment (22.0.1+8) (build 22.0.1+8-16)
# Java VM: Java HotSpot(TM) 64-Bit Server VM (22.0.1+8-16, mixed mode, sharing, tiered, compressed oops, compressed class ptrs, g1 gc, windows-amd64)
GC Precious Log:
 CardTable entry size: 512
 Card Set container configuration: InlinePtr #cards 5 size 8 Array Of Cards #cards 12 size 40 Howl #buckets 4 coarsen threshold 1843 Howl Bitmap #cards 512 size 80 coarsen threshold 460 Card regions per heap region 1 cards per card region 2048
 CPUs: 16 total, 16 available
 Memory: 15791M
 Large Page Support: Disabled
 NUMA Support: Disabled
 Compressed Oops: Enabled (32-bit)
 Heap Region Size: 1M
 Heap Min Capacity: 8M
 Heap Initial Capacity: 248M
 Heap Max Capacity: 2G
 Pre-touch: Disabled
 Parallel Workers: 13
 Concurrent Workers: 3
 Concurrent Refinement Workers: 13
 Periodic GC: Disabled
Heap:
 garbage-first heap   total reserved 2097152K, committed 188416K, used 121531K [0x0000000080000000, 0x0000000100000000)
  region size 1024K, 9 young (9216K), 6 survivors (6144K)
 Metaspace       used 95489K, committed 97856K, reserved 1179648K
  class space    used 13750K, committed 14912K, reserved 1048576K
GC Heap History (20 events):
Event: 12.438 GC heap before
{Heap before GC invocations=24 (full 0):
 garbage-first heap   total reserved 2097152K, committed 155648K, used 137246K [0x0000000080000000, 0x0000000100000000)
  region size 1024K, 52 young (53248K), 8 survivors (8192K)
 Metaspace       used 77483K, committed 79552K, reserved 1179648K
  class space    used 10984K, committed 11968K, reserved 1048576K
}
Event: 12.442 GC heap after
{Heap after GC invocations=25 (full 0):
 garbage-first heap   total reserved 2097152K, committed 155648K, used 93988K [0x0000000080000000, 0x0000000100000000)
  region size 1024K, 4 young (4096K), 4 survivors (4096K)
 Metaspace       used 77483K, committed 79552K, reserved 1179648K
  class space    used 10984K, committed 11968K, reserved 1048576K
}
Event: 12.948 GC heap before
{Heap before GC invocations=26 (full 0):
 garbage-first heap   total reserved 2097152K, committed 157696K, used 143140K [0x0000000080000000, 0x0000000100000000)
  region size 1024K, 51 young (52224K), 4 survivors (4096K)
 Metaspace       used 80938K, committed 83008K, reserved 1179648K
  class space    used 11558K, committed 12544K, reserved 1048576K
}
Event: 12.951 GC heap after
{Heap after GC invocations=27 (full 0):
 garbage-first heap   total reserved 2097152K, committed 157696K, used 95092K [0x0000000080000000, 0x0000000100000000)
  region size 1024K, 5 young (5120K), 5 survivors (5120K)
 Metaspace       used 80938K, committed 83008K, reserved 1179648K
  class space    used 11558K, committed 12544K, reserved 1048576K
}
Event: 13.488 GC heap before
{Heap before GC invocations=27 (full 0):
 garbage-first heap   total reserved 2097152K, committed 157696K, used 143220K [0x0000000080000000, 0x0000000100000000)
  region size 1024K, 52 young (53248K), 5 survivors (5120K)
 Metaspace       used 84524K, committed 86784K, reserved 1179648K
  class space    used 12167K, committed 13248K, reserved 1048576K
}
Event: 13.492 GC heap after
{Heap after GC invocations=28 (full 0):
 garbage-first heap   total reserved 2097152K, committed 157696K, used 95862K [0x0000000080000000, 0x0000000100000000)
  region size 1024K, 4 young (4096K), 4 survivors (4096K)
 Metaspace       used 84524K, committed 86784K, reserved 1179648K
  class space    used 12167K, committed 13248K, reserved 1048576K
}
Event: 14.107 GC heap before
{Heap before GC invocations=28 (full 0):
 garbage-first heap   total reserved 2097152K, committed 157696K, used 143990K [0x0000000080000000, 0x0000000100000000)
  region size 1024K, 51 young (52224K), 4 survivors (4096K)
 Metaspace       used 88001K, committed 90304K, reserved 1179648K
  class space    used 12678K, committed 13760K, reserved 1048576K
}
Event: 14.111 GC heap after
{Heap after GC invocations=29 (full 0):
 garbage-first heap   total reserved 2097152K, committed 157696K, used 98687K [0x0000000080000000, 0x0000000100000000)
  region size 1024K, 7 young (7168K), 7 survivors (7168K)
 Metaspace       used 88001K, committed 90304K, reserved 1179648K
  class space    used 12678K, committed 13760K, reserved 1048576K
}
Event: 14.593 GC heap before
{Heap before GC invocations=30 (full 0):
 garbage-first heap   total reserved 2097152K, committed 165888K, used 140671K [0x0000000080000000, 0x0000000100000000)
  region size 1024K, 48 young (49152K), 7 survivors (7168K)
 Metaspace       used 90750K, committed 92992K, reserved 1179648K
  class space    used 13148K, committed 14208K, reserved 1048576K
}
Event: 14.598 GC heap after
{Heap after GC invocations=31 (full 0):
 garbage-first heap   total reserved 2097152K, committed 165888K, used 100215K [0x0000000080000000, 0x0000000100000000)
  region size 1024K, 5 young (5120K), 5 survivors (5120K)
 Metaspace       used 90750K, committed 92992K, reserved 1179648K
  class space    used 13148K, committed 14208K, reserved 1048576K
}
Event: 15.287 GC heap before
{Heap before GC invocations=31 (full 0):
 garbage-first heap   total reserved 2097152K, committed 165888K, used 149367K [0x0000000080000000, 0x0000000100000000)
  region size 1024K, 54 young (55296K), 5 survivors (5120K)
 Metaspace       used 93919K, committed 96320K, reserved 1179648K
  class space    used 13623K, committed 14784K, reserved 1048576K
}
Event: 15.294 GC heap after
{Heap after GC invocations=32 (full 0):
 garbage-first heap   total reserved 2097152K, committed 165888K, used 104845K [0x0000000080000000, 0x0000000100000000)
  region size 1024K, 7 young (7168K), 7 survivors (7168K)
 Metaspace       used 93919K, committed 96320K, reserved 1179648K
  class space    used 13623K, committed 14784K, reserved 1048576K
}
Event: 15.611 GC heap before
{Heap before GC invocations=32 (full 0):
 garbage-first heap   total reserved 2097152K, committed 165888K, used 148877K [0x0000000080000000, 0x0000000100000000)
  region size 1024K, 50 young (51200K), 7 survivors (7168K)
 Metaspace       used 94164K, committed 96512K, reserved 1179648K
  class space    used 13635K, committed 14784K, reserved 1048576K
}
Event: 15.618 GC heap after
{Heap after GC invocations=33 (full 0):
 garbage-first heap   total reserved 2097152K, committed 165888K, used 111973K [0x0000000080000000, 0x0000000100000000)
  region size 1024K, 7 young (7168K), 7 survivors (7168K)
 Metaspace       used 94164K, committed 96512K, reserved 1179648K
  class space    used 13635K, committed 14784K, reserved 1048576K
}
Event: 15.744 GC heap before
{Heap before GC invocations=34 (full 0):
 garbage-first heap   total reserved 2097152K, committed 188416K, used 147813K [0x0000000080000000, 0x0000000100000000)
  region size 1024K, 42 young (43008K), 7 survivors (7168K)
 Metaspace       used 94165K, committed 96512K, reserved 1179648K
  class space    used 13635K, committed 14784K, reserved 1048576K
}
Event: 15.749 GC heap after
{Heap after GC invocations=35 (full 0):
 garbage-first heap   total reserved 2097152K, committed 188416K, used 113770K [0x0000000080000000, 0x0000000100000000)
  region size 1024K, 4 young (4096K), 4 survivors (4096K)
 Metaspace       used 94165K, committed 96512K, reserved 1179648K
  class space    used 13635K, committed 14784K, reserved 1048576K
}
Event: 15.969 GC heap before
{Heap before GC invocations=35 (full 0):
 garbage-first heap   total reserved 2097152K, committed 188416K, used 170090K [0x0000000080000000, 0x0000000100000000)
  region size 1024K, 60 young (61440K), 4 survivors (4096K)
 Metaspace       used 94214K, committed 96576K, reserved 1179648K
  class space    used 13635K, committed 14784K, reserved 1048576K
}
Event: 15.973 GC heap after
{Heap after GC invocations=36 (full 0):
 garbage-first heap   total reserved 2097152K, committed 188416K, used 114215K [0x0000000080000000, 0x0000000100000000)
  region size 1024K, 6 young (6144K), 6 survivors (6144K)
 Metaspace       used 94214K, committed 96576K, reserved 1179648K
  class space    used 13635K, committed 14784K, reserved 1048576K
}
Event: 16.088 GC heap before
{Heap before GC invocations=36 (full 0):
 garbage-first heap   total reserved 2097152K, committed 188416K, used 127527K [0x0000000080000000, 0x0000000100000000)
  region size 1024K, 20 young (20480K), 6 survivors (6144K)
 Metaspace       used 94608K, committed 96960K, reserved 1179648K
  class space    used 13729K, committed 14848K, reserved 1048576K
}
Event: 16.092 GC heap after
{Heap after GC invocations=37 (full 0):
 garbage-first heap   total reserved 2097152K, committed 188416K, used 115387K [0x0000000080000000, 0x0000000100000000)
  region size 1024K, 6 young (6144K), 6 survivors (6144K)
 Metaspace       used 94608K, committed 96960K, reserved 1179648K
  class space    used 13729K, committed 14848K, reserved 1048576K
}

